<?xml version="1.0" encoding="UTF-8"?>
<!-- Generated by org.testng.reporters.JUnitReportReporter -->
<testsuite hostname="LAPTOP-S70A7DB2" failures="0" tests="6" name="Scripts.TestCase" time="12.355" errors="0" timestamp="2023-04-30T11:10:44 IST" skipped="0">
  <testcase classname="Scripts.TestCase" name="TC_1" time="2.925"/>
  <system-out>
    <![CDATA[Title is Displayed
Password Test Box is Present
Username Test Box is Present
Login Button is enabled]]>
  </system-out>
  <testcase classname="Scripts.TestCase" name="TC_2" time="1.669"/>
  <system-out>
    <![CDATA[Username and Password are required validation message is displayed]]>
  </system-out>
  <testcase classname="Scripts.TestCase" name="TC_3" time="1.967"/>
  <system-out>
    <![CDATA[Login Successful]]>
  </system-out>
  <testcase classname="Scripts.TestCase" name="TC_4" time="2.047"/>
  <system-out>
    <![CDATA[Password must be present Message is Displayed]]>
  </system-out>
  <testcase classname="Scripts.TestCase" name="TC_5" time="1.660"/>
  <system-out>
    <![CDATA[username must be present Message is Displayed]]>
  </system-out>
  <testcase classname="Scripts.TestCase" name="TC_6" time="2.087"/>
  <system-out/>
</testsuite> <!-- Scripts.TestCase -->
